<?xml version="1.0" encoding="UTF-8"?>
<!-- Generated by org.testng.reporters.JUnitReportReporter -->
<testsuite hostname="Vrush" failures="0" tests="1" name="Mock_prac.teee" time="0.007" errors="0" timestamp="2022-08-18T11:54:44 IST" skipped="0">
  <testcase classname="Mock_prac.teee" name="tc" time="0.007"/>
  <system-out>
    <![CDATA[jihguii]]>
  </system-out>
</testsuite> <!-- Mock_prac.teee -->
