<?xml version="1.0" encoding="UTF-8"?>
<!-- Generated by org.testng.reporters.JUnitReportReporter -->
<testsuite hostname="Vrush" failures="0" tests="2" name="Mock_prac.MultiBrowse" time="21.551" errors="0" timestamp="2022-08-20T16:51:44 IST" skipped="0">
  <testcase classname="Mock_prac.MultiBrowse" name="m1" time="10.553"/>
  <system-out/>
  <testcase classname="Mock_prac.MultiBrowse" name="m1" time="10.998"/>
  <system-out/>
</testsuite> <!-- Mock_prac.MultiBrowse -->
