<?xml version="1.0" encoding="UTF-8"?>
<!-- Generated by org.testng.reporters.JUnitReportReporter -->
<testsuite hostname="Vrush" failures="0" tests="1" name="Asserts_class.False1" time="0.012" errors="0" timestamp="2022-08-23T17:00:15 IST" skipped="0">
  <testcase classname="Asserts_class.False1" name="TC4" time="0.012"/>
  <system-out>
    <![CDATA[running TC4]]>
  </system-out>
</testsuite> <!-- Asserts_class.False1 -->
