<?xml version="1.0" encoding="UTF-8"?>
<!-- Generated by org.testng.reporters.JUnitReportReporter -->
<testsuite hostname="Vrush" failures="0" tests="2" name="TestNg_Adv.MultiB" time="28.910" errors="0" timestamp="2022-08-20T16:47:40 IST" skipped="0">
  <testcase classname="TestNg_Adv.MultiB" name="test" time="16.989"/>
  <system-out/>
  <testcase classname="TestNg_Adv.MultiB" name="test" time="11.921"/>
  <system-out/>
</testsuite> <!-- TestNg_Adv.MultiB -->
