<?xml version="1.0" encoding="UTF-8"?>
<!-- Generated by org.testng.reporters.JUnitReportReporter -->
<testsuite hostname="Vrush" failures="0" tests="3" name="Annotations.Sample2" time="0.001" errors="0" timestamp="2022-08-26T23:32:36 IST" skipped="0">
  <testcase classname="Annotations.Sample2" name="TC4" time="0.000"/>
  <system-out>
    <![CDATA[running tc4]]>
  </system-out>
  <testcase classname="Annotations.Sample2" name="TC5" time="0.000"/>
  <system-out>
    <![CDATA[running tc5]]>
  </system-out>
  <testcase classname="Annotations.Sample2" name="TC6" time="0.001"/>
  <system-out>
    <![CDATA[running tc6]]>
  </system-out>
</testsuite> <!-- Annotations.Sample2 -->
