<?xml version="1.0" encoding="UTF-8"?>
<!-- Generated by org.testng.reporters.JUnitReportReporter -->
<testsuite hostname="Vrush" failures="0" tests="3" name="Annotations.Sample3" time="0.008" errors="0" timestamp="2022-08-26T23:32:36 IST" skipped="0">
  <testcase classname="Annotations.Sample3" name="TC9" time="0.000"/>
  <system-out>
    <![CDATA[running tc9]]>
  </system-out>
  <testcase classname="Annotations.Sample3" name="TC8" time="0.001"/>
  <system-out>
    <![CDATA[running tc8]]>
  </system-out>
  <testcase classname="Annotations.Sample3" name="TC7" time="0.007"/>
  <system-out>
    <![CDATA[running tc7]]>
  </system-out>
</testsuite> <!-- Annotations.Sample3 -->
