<?xml version="1.0" encoding="UTF-8"?>
<!-- Generated by org.testng.reporters.JUnitReportReporter -->
<testsuite hostname="Vrush" failures="0" tests="1" name="TestNg_Adv.Multibrowser2" time="5.284" errors="0" timestamp="2022-08-19T23:25:48 IST" skipped="0">
  <testcase classname="TestNg_Adv.Multibrowser2" name="test" time="5.284"/>
  <system-out/>
</testsuite> <!-- TestNg_Adv.Multibrowser2 -->
