<?xml version="1.0" encoding="UTF-8"?>
<!-- Generated by org.testng.reporters.JUnitReportReporter -->
<testsuite hostname="Vrush" failures="0" tests="1" name="TestNg_Adv.Parallelt2" time="6.774" errors="0" timestamp="2022-08-23T20:46:56 IST" skipped="0">
  <testcase classname="TestNg_Adv.Parallelt2" name="m1" time="6.774"/>
  <system-out/>
</testsuite> <!-- TestNg_Adv.Parallelt2 -->
