<?xml version="1.0" encoding="UTF-8"?>
<!-- Generated by org.testng.reporters.JUnitReportReporter -->
<testsuite hostname="Vrush" failures="0" tests="1" name="Asserts_class.True1" time="0.009" errors="0" timestamp="2022-08-23T16:56:22 IST" skipped="0">
  <testcase classname="Asserts_class.True1" name="mtrue" time="0.009"/>
  <system-out>
    <![CDATA[a to z]]>
  </system-out>
</testsuite> <!-- Asserts_class.True1 -->
