<?xml version="1.0" encoding="UTF-8"?>
<!-- Generated by org.testng.reporters.JUnitReportReporter -->
<testsuite hostname="Vrush" failures="0" tests="4" name="Ankush_Sir.Priority" time="0.011" errors="0" timestamp="2022-08-21T08:39:19 IST" skipped="1">
  <testcase classname="Ankush_Sir.Priority" name="TC3" time="0.011"/>
  <system-out>
    <![CDATA[how r u]]>
  </system-out>
  <testcase classname="Ankush_Sir.Priority" name="TC2" time="0.000"/>
  <system-out>
    <![CDATA[iam fine ]]>
  </system-out>
  <testcase classname="Ankush_Sir.Priority" name="TC1" time="0.000"/>
  <system-out>
    <![CDATA[good byee]]>
  </system-out>
  <testcase classname="Ankush_Sir.Priority" name="TC4">
    <skipped/>
  </testcase> <!-- TC4 -->
  <system-out/>
</testsuite> <!-- Ankush_Sir.Priority -->
