<?xml version="1.0" encoding="UTF-8"?>
<!-- Generated by org.testng.reporters.JUnitReportReporter -->
<testsuite hostname="Vrush" failures="0" tests="1" name="Asserts_class.Asserts_equals1" time="0.011" errors="0" timestamp="2022-08-23T16:41:26 IST" skipped="0">
  <testcase classname="Asserts_class.Asserts_equals1" name="method" time="0.011"/>
  <system-out/>
</testsuite> <!-- Asserts_class.Asserts_equals1 -->
