<?xml version="1.0" encoding="UTF-8"?>
<!-- Generated by org.testng.reporters.JUnitReportReporter -->
<testsuite hostname="Vrush" failures="0" tests="1" name="TestNg_Adv.Parallelt1" time="3.660" errors="0" timestamp="2022-08-23T20:46:56 IST" skipped="0">
  <testcase classname="TestNg_Adv.Parallelt1" name="pt2" time="3.660"/>
  <system-out/>
</testsuite> <!-- TestNg_Adv.Parallelt1 -->
