<?xml version="1.0" encoding="UTF-8"?>
<!-- Generated by org.testng.reporters.JUnitReportReporter -->
<testsuite hostname="Vrush" failures="0" tests="3" name="Annotations.Sample1" time="0.003" errors="0" timestamp="2022-08-26T23:32:36 IST" skipped="0">
  <testcase classname="Annotations.Sample1" name="TC3" time="0.001"/>
  <system-out>
    <![CDATA[running tc3]]>
  </system-out>
  <testcase classname="Annotations.Sample1" name="TC2" time="0.001"/>
  <system-out>
    <![CDATA[running tc2]]>
  </system-out>
  <testcase classname="Annotations.Sample1" name="TC1" time="0.001"/>
  <system-out>
    <![CDATA[running tc1]]>
  </system-out>
</testsuite> <!-- Annotations.Sample1 -->
