<?xml version="1.0" encoding="UTF-8"?>
<!-- Generated by org.testng.reporters.JUnitReportReporter -->
<testsuite hostname="Vrush" failures="0" tests="20" name="Testng_flags.Invocation_count" time="0.037" errors="0" timestamp="2022-08-23T17:42:44 IST" skipped="0">
  <testcase classname="Testng_flags.Invocation_count" name="invo" time="0.001"/>
  <system-out>
    <![CDATA[10 runs]]>
  </system-out>
  <testcase classname="Testng_flags.Invocation_count" name="invo" time="0.001"/>
  <system-out>
    <![CDATA[10 runs]]>
  </system-out>
  <testcase classname="Testng_flags.Invocation_count" name="invo" time="0.001"/>
  <system-out>
    <![CDATA[10 runs]]>
  </system-out>
  <testcase classname="Testng_flags.Invocation_count" name="invo" time="0.002"/>
  <system-out>
    <![CDATA[10 runs]]>
  </system-out>
  <testcase classname="Testng_flags.Invocation_count" name="invo" time="0.003"/>
  <system-out>
    <![CDATA[10 runs]]>
  </system-out>
  <testcase classname="Testng_flags.Invocation_count" name="invo" time="0.002"/>
  <system-out>
    <![CDATA[10 runs]]>
  </system-out>
  <testcase classname="Testng_flags.Invocation_count" name="invo" time="0.002"/>
  <system-out>
    <![CDATA[10 runs]]>
  </system-out>
  <testcase classname="Testng_flags.Invocation_count" name="invo" time="0.002"/>
  <system-out>
    <![CDATA[10 runs]]>
  </system-out>
  <testcase classname="Testng_flags.Invocation_count" name="invo" time="0.001"/>
  <system-out>
    <![CDATA[10 runs]]>
  </system-out>
  <testcase classname="Testng_flags.Invocation_count" name="invo" time="0.007"/>
  <system-out>
    <![CDATA[10 runs]]>
  </system-out>
  <testcase classname="Testng_flags.Invocation_count" name="invo" time="0.000"/>
  <system-out>
    <![CDATA[10 runs]]>
  </system-out>
  <testcase classname="Testng_flags.Invocation_count" name="invo" time="0.001"/>
  <system-out>
    <![CDATA[10 runs]]>
  </system-out>
  <testcase classname="Testng_flags.Invocation_count" name="invo" time="0.001"/>
  <system-out>
    <![CDATA[10 runs]]>
  </system-out>
  <testcase classname="Testng_flags.Invocation_count" name="invo" time="0.001"/>
  <system-out>
    <![CDATA[10 runs]]>
  </system-out>
  <testcase classname="Testng_flags.Invocation_count" name="invo" time="0.001"/>
  <system-out>
    <![CDATA[10 runs]]>
  </system-out>
  <testcase classname="Testng_flags.Invocation_count" name="invo" time="0.000"/>
  <system-out>
    <![CDATA[10 runs]]>
  </system-out>
  <testcase classname="Testng_flags.Invocation_count" name="invo" time="0.001"/>
  <system-out>
    <![CDATA[10 runs]]>
  </system-out>
  <testcase classname="Testng_flags.Invocation_count" name="invo" time="0.007"/>
  <system-out>
    <![CDATA[10 runs]]>
  </system-out>
  <testcase classname="Testng_flags.Invocation_count" name="invo" time="0.002"/>
  <system-out>
    <![CDATA[10 runs]]>
  </system-out>
  <testcase classname="Testng_flags.Invocation_count" name="invo" time="0.001"/>
  <system-out>
    <![CDATA[10 runs]]>
  </system-out>
</testsuite> <!-- Testng_flags.Invocation_count -->
