<?xml version="1.0" encoding="UTF-8"?>
<!-- Generated by org.testng.reporters.JUnitReportReporter -->
<testsuite hostname="Vrush" failures="0" tests="4" name="Testng_flags.Priority" time="0.009" errors="0" timestamp="2022-08-23T17:50:07 IST" skipped="0">
  <testcase classname="Testng_flags.Priority" name="t4" time="0.007"/>
  <system-out>
    <![CDATA[goodbye]]>
  </system-out>
  <testcase classname="Testng_flags.Priority" name="t2" time="0.001"/>
  <system-out>
    <![CDATA[hello]]>
  </system-out>
  <testcase classname="Testng_flags.Priority" name="t1" time="0.000"/>
  <system-out>
    <![CDATA[hii]]>
  </system-out>
  <testcase classname="Testng_flags.Priority" name="t3" time="0.001"/>
  <system-out>
    <![CDATA[bye]]>
  </system-out>
</testsuite> <!-- Testng_flags.Priority -->
