<?xml version="1.0" encoding="UTF-8"?>
<!-- Generated by org.testng.reporters.JUnitReportReporter -->
<testsuite hostname="Vrush" failures="0" tests="2" name="TestNg_Adv.ssample" time="0.011" errors="0" timestamp="2022-08-18T20:52:30 IST" skipped="0">
  <testcase classname="TestNg_Adv.ssample" name="TC2" time="0.010"/>
  <system-out>
    <![CDATA[running tc2]]>
  </system-out>
  <testcase classname="TestNg_Adv.ssample" name="TC3" time="0.001"/>
  <system-out>
    <![CDATA[running tc3]]>
  </system-out>
</testsuite> <!-- TestNg_Adv.ssample -->
