<?xml version="1.0" encoding="UTF-8"?>
<!-- Generated by org.testng.reporters.JUnitReportReporter -->
<testsuite hostname="Vrush" failures="0" tests="1" name="Mock_prac.Timeout" time="0.009" errors="0" timestamp="2022-08-21T09:26:58 IST" skipped="0">
  <testcase classname="Mock_prac.Timeout" name="m1" time="0.009"/>
  <system-out>
    <![CDATA[hey]]>
  </system-out>
</testsuite> <!-- Mock_prac.Timeout -->
