<?xml version="1.0" encoding="UTF-8"?>
<!-- Generated by org.testng.reporters.JUnitReportReporter -->
<testsuite hostname="Vrush" failures="0" tests="1" name="TestNg_Adv.Emailable" time="0.009" errors="0" timestamp="2022-08-18T11:55:31 IST" skipped="0">
  <testcase classname="TestNg_Adv.Emailable" name="email" time="0.009"/>
  <system-out>
    <![CDATA[Test case]]>
  </system-out>
</testsuite> <!-- TestNg_Adv.Emailable -->
