<?xml version="1.0" encoding="UTF-8"?>
<!-- Generated by org.testng.reporters.JUnitReportReporter -->
<testsuite hostname="Vrush" failures="0" tests="5" name="Mock_prac.Priority" time="0.008" errors="0" timestamp="2022-08-21T09:24:39 IST" skipped="0">
  <testcase classname="Mock_prac.Priority" name="m4" time="0.006"/>
  <system-out>
    <![CDATA[go]]>
  </system-out>
  <testcase classname="Mock_prac.Priority" name="m2" time="0.001"/>
  <system-out>
    <![CDATA[bye]]>
  </system-out>
  <testcase classname="Mock_prac.Priority" name="m5" time="0.000"/>
  <system-out>
    <![CDATA[stay]]>
  </system-out>
  <testcase classname="Mock_prac.Priority" name="m3" time="0.001"/>
  <system-out>
    <![CDATA[come]]>
  </system-out>
  <testcase classname="Mock_prac.Priority" name="m1" time="0.000"/>
  <system-out>
    <![CDATA[hii]]>
  </system-out>
</testsuite> <!-- Mock_prac.Priority -->
