<?xml version="1.0" encoding="UTF-8"?>
<!-- Generated by org.testng.reporters.JUnitReportReporter -->
<testsuite hostname="Vrush" failures="0" tests="2" name="Mock_prac.Exception_testng" time="0.010" errors="0" timestamp="2022-08-23T16:23:21 IST" skipped="0">
  <testcase classname="Mock_prac.Exception_testng" name="exception" time="0.003"/>
  <system-out>
    <![CDATA[Exception]]>
  </system-out>
  <testcase classname="Mock_prac.Exception_testng" name="exc2" time="0.007"/>
  <system-out/>
</testsuite> <!-- Mock_prac.Exception_testng -->
