<?xml version="1.0" encoding="UTF-8"?>
<!-- Generated by org.testng.reporters.JUnitReportReporter -->
<testsuite hostname="Vrush" failures="0" tests="1" name="Parelleltest.P1" time="4.009" errors="0" timestamp="2022-08-23T20:46:15 IST" skipped="0">
  <testcase classname="Parelleltest.P1" name="parellel1" time="4.009"/>
  <system-out/>
</testsuite> <!-- Parelleltest.P1 -->
