<?xml version="1.0" encoding="UTF-8"?>
<!-- Generated by org.testng.reporters.JUnitReportReporter -->
<testsuite hostname="Vrush" failures="0" tests="1" name="Mock_prac.Testngprac" time="0.008" errors="0" timestamp="2022-08-17T23:06:31 IST" skipped="0">
  <testcase classname="Mock_prac.Testngprac" name="test" time="0.008"/>
  <system-out>
    <![CDATA[Vrushalee]]>
  </system-out>
</testsuite> <!-- Mock_prac.Testngprac -->
