<?xml version="1.0" encoding="UTF-8"?>
<!-- Generated by org.testng.reporters.JUnitReportReporter -->
<testsuite hostname="Vrush" failures="0" tests="1" name="Asserts_class.True2" time="0.011" errors="0" timestamp="2022-08-23T16:59:22 IST" skipped="0">
  <testcase classname="Asserts_class.True2" name="TC3" time="0.011"/>
  <system-out>
    <![CDATA[running TC3]]>
  </system-out>
</testsuite> <!-- Asserts_class.True2 -->
