<?xml version="1.0" encoding="UTF-8"?>
<!-- Generated by org.testng.reporters.JUnitReportReporter -->
<testsuite hostname="Vrush" failures="0" tests="10" name="Mock_prac.Invocationnnn" time="0.016" errors="0" timestamp="2022-08-21T09:21:37 IST" skipped="0">
  <testcase classname="Mock_prac.Invocationnnn" name="m1" time="0.000"/>
  <system-out>
    <![CDATA[hii]]>
  </system-out>
  <testcase classname="Mock_prac.Invocationnnn" name="m1" time="0.001"/>
  <system-out>
    <![CDATA[hii]]>
  </system-out>
  <testcase classname="Mock_prac.Invocationnnn" name="m1" time="0.001"/>
  <system-out>
    <![CDATA[hii]]>
  </system-out>
  <testcase classname="Mock_prac.Invocationnnn" name="m1" time="0.001"/>
  <system-out>
    <![CDATA[hii]]>
  </system-out>
  <testcase classname="Mock_prac.Invocationnnn" name="m1" time="0.001"/>
  <system-out>
    <![CDATA[hii]]>
  </system-out>
  <testcase classname="Mock_prac.Invocationnnn" name="m1" time="0.001"/>
  <system-out>
    <![CDATA[hii]]>
  </system-out>
  <testcase classname="Mock_prac.Invocationnnn" name="m1" time="0.001"/>
  <system-out>
    <![CDATA[hii]]>
  </system-out>
  <testcase classname="Mock_prac.Invocationnnn" name="m1" time="0.002"/>
  <system-out>
    <![CDATA[hii]]>
  </system-out>
  <testcase classname="Mock_prac.Invocationnnn" name="m1" time="0.007"/>
  <system-out>
    <![CDATA[hii]]>
  </system-out>
  <testcase classname="Mock_prac.Invocationnnn" name="m1" time="0.001"/>
  <system-out>
    <![CDATA[hii]]>
  </system-out>
</testsuite> <!-- Mock_prac.Invocationnnn -->
