<?xml version="1.0" encoding="UTF-8"?>
<!-- Generated by org.testng.reporters.JUnitReportReporter -->
<testsuite hostname="Vrush" failures="0" tests="3" name="Testng_flags.Enabled" time="0.006" errors="0" timestamp="2022-08-23T20:43:11 IST" skipped="2">
  <testcase classname="Testng_flags.Enabled" name="tc1" time="0.006"/>
  <system-out>
    <![CDATA[hello]]>
  </system-out>
  <testcase classname="Testng_flags.Enabled" name="tc">
    <skipped/>
  </testcase> <!-- tc -->
  <system-out/>
  <testcase classname="Testng_flags.Enabled" name="tc2">
    <skipped/>
  </testcase> <!-- tc2 -->
  <system-out/>
</testsuite> <!-- Testng_flags.Enabled -->
